<?xml version="1.0" encoding="UTF-8" ?>

<testsuite failures="0" time="0.434" errors="0" skipped="0" tests="7" name="ParticipantsControllerTest">
  <testcase classname="ParticipantsControllerTest" name="list" time="0.245">
      </testcase>
  <testcase classname="ParticipantsControllerTest" name="delete" time="0.079">
      </testcase>
  <testcase classname="ParticipantsControllerTest" name="read" time="0.034">
      </testcase>
  <testcase classname="ParticipantsControllerTest" name="create" time="0.018">
      </testcase>
  <testcase classname="ParticipantsControllerTest" name="update" time="0.057">
      </testcase>
  <testcase classname="ParticipantsControllerTest" name="addParticipant" time="0.001">
      </testcase>
  <testcase classname="ParticipantsControllerTest" name="test" time="0">
      </testcase>
</testsuite>
